<?xml version="1.0" encoding="UTF-8"?>
<!-- Generated by org.testng.reporters.JUnitReportReporter -->
<testsuite hostname="PF0X4X6X-BLR" failures="0" tests="1" name="in.licious.test.TestLogin" time="6.092" errors="0" timestamp="23 Dec 2018 20:29:05 GMT" skipped="0">
  <testcase classname="in.licious.test.TestLogin" name="testTestLogin" time="6.092"/>
</testsuite> <!-- in.licious.test.TestLogin -->
